app/build/intermediates/manifest_merge_blame_file/debug/processDebugMainManifest/manifest-merger-blame-debug-report.txt
1<?xml version="1.0" encoding="utf-8"?>
2<manifest xmlns:android="http://schemas.android.com/apk/res/android"
3    package="com.delaroystudios.pizza"
4    android:versionCode="1"
5    android:versionName="1.0" >
6
7    <uses-sdk
8        android:minSdkVersion="21"
9        android:targetSdkVersion="34" />
10
11    <uses-permission android:name="android.permission.INTERNET" />
11-->src\main\AndroidManifest.xml:5:5-67
11-->src\main\AndroidManifest.xml:5:22-64
12    <uses-permission android:name="android.permission.ACCESS_NETWORK_STATE" />
12-->src\main\AndroidManifest.xml:6:5-79
12-->src\main\AndroidManifest.xml:6:22-76
13    <uses-permission android:name="android.permission.CALL_PHONE" />
13-->src\main\AndroidManifest.xml:7:5-69
13-->src\main\AndroidManifest.xml:7:22-66
14
15    <permission
15-->[androidx.core:core:1.9.0] AndroidManifest.xml:22:5-24:47
16        android:name="com.delaroystudios.pizza.DYNAMIC_RECEIVER_NOT_EXPORTED_PERMISSION"
16-->[androidx.core:core:1.9.0] AndroidManifest.xml:23:9-81
17        android:protectionLevel="signature" />
17-->[androidx.core:core:1.9.0] AndroidManifest.xml:24:9-44
18
19    <uses-permission android:name="com.delaroystudios.pizza.DYNAMIC_RECEIVER_NOT_EXPORTED_PERMISSION" />
19-->[androidx.core:core:1.9.0] AndroidManifest.xml:26:5-97
19-->[androidx.core:core:1.9.0] AndroidManifest.xml:26:22-94
20
21    <application
21-->src\main\AndroidManifest.xml:9:5-139:19
22        android:allowBackup="true"
22-->src\main\AndroidManifest.xml:10:9-35
23        android:appComponentFactory="androidx.core.app.CoreComponentFactory"
23-->[androidx.core:core:1.9.0] AndroidManifest.xml:28:18-86
24        android:debuggable="true"
25        android:extractNativeLibs="true"
26        android:icon="@drawable/app"
26-->src\main\AndroidManifest.xml:11:9-37
27        android:label="@string/app_name"
27-->src\main\AndroidManifest.xml:12:9-41
28        android:testOnly="true"
29        android:theme="@style/Theme.PizzaParlor" >
29-->src\main\AndroidManifest.xml:13:9-49
30        <activity
30-->src\main\AndroidManifest.xml:16:9-25:20
31            android:name="com.delaroystudios.pizza.activities.SplashActivity"
31-->src\main\AndroidManifest.xml:17:13-78
32            android:exported="true"
32-->src\main\AndroidManifest.xml:18:13-36
33            android:screenOrientation="portrait"
33-->src\main\AndroidManifest.xml:20:13-49
34            android:theme="@style/Theme.AppCompat.NoActionBar" >
34-->src\main\AndroidManifest.xml:19:13-63
35            <intent-filter>
35-->src\main\AndroidManifest.xml:21:13-24:29
36                <action android:name="android.intent.action.MAIN" />
36-->src\main\AndroidManifest.xml:22:17-69
36-->src\main\AndroidManifest.xml:22:25-66
37
38                <category android:name="android.intent.category.LAUNCHER" />
38-->src\main\AndroidManifest.xml:23:17-77
38-->src\main\AndroidManifest.xml:23:27-74
39            </intent-filter>
40        </activity>
41        <activity
41-->src\main\AndroidManifest.xml:27:9-30:52
42            android:name="com.delaroystudios.pizza.activities.LoginActivity"
42-->src\main\AndroidManifest.xml:28:13-77
43            android:exported="false"
43-->src\main\AndroidManifest.xml:29:13-37
44            android:screenOrientation="portrait" />
44-->src\main\AndroidManifest.xml:30:13-49
45        <activity
45-->src\main\AndroidManifest.xml:32:9-35:52
46            android:name="com.delaroystudios.pizza.activities.AdminPizzaManagementActivity"
46-->src\main\AndroidManifest.xml:33:13-92
47            android:exported="false"
47-->src\main\AndroidManifest.xml:34:13-37
48            android:screenOrientation="portrait" />
48-->src\main\AndroidManifest.xml:35:13-49
49        <activity
49-->src\main\AndroidManifest.xml:37:9-40:52
50            android:name="com.delaroystudios.pizza.activities.AdminCustomersActivity"
50-->src\main\AndroidManifest.xml:38:13-86
51            android:exported="false"
51-->src\main\AndroidManifest.xml:39:13-37
52            android:screenOrientation="portrait" />
52-->src\main\AndroidManifest.xml:40:13-49
53        <activity
53-->src\main\AndroidManifest.xml:43:9-46:52
54            android:name="com.delaroystudios.pizza.activities.ActivitydminRevenueA"
54-->src\main\AndroidManifest.xml:44:13-84
55            android:exported="false"
55-->src\main\AndroidManifest.xml:45:13-37
56            android:screenOrientation="portrait" />
56-->src\main\AndroidManifest.xml:46:13-49
57        <activity
57-->src\main\AndroidManifest.xml:48:9-51:52
58            android:name="com.delaroystudios.pizza.activities.PizzaDetailActivity"
58-->src\main\AndroidManifest.xml:49:13-59
59            android:exported="false"
59-->src\main\AndroidManifest.xml:50:13-37
60            android:screenOrientation="portrait" />
60-->src\main\AndroidManifest.xml:51:13-49
61        <activity
61-->src\main\AndroidManifest.xml:54:9-57:52
62            android:name="com.delaroystudios.pizza.activities.AdminSettingsActivity"
62-->src\main\AndroidManifest.xml:55:13-85
63            android:exported="false"
63-->src\main\AndroidManifest.xml:56:13-37
64            android:screenOrientation="portrait" />
64-->src\main\AndroidManifest.xml:57:13-49
65        <activity
65-->src\main\AndroidManifest.xml:61:9-65:52
66            android:name="com.delaroystudios.pizza.activities.RegisterActivity"
66-->src\main\AndroidManifest.xml:62:13-80
67            android:exported="false"
67-->src\main\AndroidManifest.xml:63:13-37
68            android:parentActivityName="com.delaroystudios.pizza.activities.LoginActivity"
68-->src\main\AndroidManifest.xml:64:13-91
69            android:screenOrientation="portrait" />
69-->src\main\AndroidManifest.xml:65:13-49
70        <activity
70-->src\main\AndroidManifest.xml:67:9-71:52
71            android:name="com.delaroystudios.pizza.activities.PizzaMenuActivity"
71-->src\main\AndroidManifest.xml:68:13-81
72            android:exported="false"
72-->src\main\AndroidManifest.xml:69:13-37
73            android:screenOrientation="portrait"
73-->src\main\AndroidManifest.xml:71:13-49
74            android:theme="@style/Theme.PizzaParlor.NoActionBar" />
74-->src\main\AndroidManifest.xml:70:13-65
75        <activity
75-->src\main\AndroidManifest.xml:73:9-78:52
76            android:name="com.delaroystudios.pizza.activities.PizzaCustomizeActivity"
76-->src\main\AndroidManifest.xml:74:13-86
77            android:exported="false"
77-->src\main\AndroidManifest.xml:75:13-37
78            android:parentActivityName="com.delaroystudios.pizza.activities.PizzaMenuActivity"
78-->src\main\AndroidManifest.xml:76:13-95
79            android:screenOrientation="portrait"
79-->src\main\AndroidManifest.xml:78:13-49
80            android:theme="@style/Theme.PizzaParlor.NoActionBar" />
80-->src\main\AndroidManifest.xml:77:13-65
81        <activity
81-->src\main\AndroidManifest.xml:80:9-86:82
82            android:name="com.delaroystudios.pizza.activities.ProfileActivity"
82-->src\main\AndroidManifest.xml:81:13-79
83            android:configChanges="uiMode|screenLayout|screenSize|orientation"
83-->src\main\AndroidManifest.xml:86:13-79
84            android:exported="false"
84-->src\main\AndroidManifest.xml:82:13-37
85            android:parentActivityName="com.delaroystudios.pizza.activities.PizzaMenuActivity"
85-->src\main\AndroidManifest.xml:83:13-95
86            android:screenOrientation="portrait"
86-->src\main\AndroidManifest.xml:85:13-49
87            android:theme="@style/Theme.PizzaParlor.NoActionBar" />
87-->src\main\AndroidManifest.xml:84:13-65
88        <activity
88-->src\main\AndroidManifest.xml:86:83-91:48
89            android:name="com.delaroystudios.pizza.activities.OrderHistoryActivity"
89-->src\main\AndroidManifest.xml:87:9-80
90            android:exported="false"
90-->src\main\AndroidManifest.xml:88:9-33
91            android:parentActivityName="com.delaroystudios.pizza.activities.ProfileActivity"
91-->src\main\AndroidManifest.xml:89:9-89
92            android:screenOrientation="portrait"
92-->src\main\AndroidManifest.xml:91:9-45
93            android:theme="@style/Theme.PizzaParlor.NoActionBar" />
93-->src\main\AndroidManifest.xml:90:9-61
94        <activity
94-->src\main\AndroidManifest.xml:93:9-98:52
95            android:name="com.delaroystudios.pizza.activities.OrderDetailActivity"
95-->src\main\AndroidManifest.xml:94:13-83
96            android:exported="false"
96-->src\main\AndroidManifest.xml:95:13-37
97            android:parentActivityName="com.delaroystudios.pizza.activities.OrderHistoryActivity"
97-->src\main\AndroidManifest.xml:96:13-98
98            android:screenOrientation="portrait"
98-->src\main\AndroidManifest.xml:98:13-49
99            android:theme="@style/Theme.PizzaParlor.NoActionBar" />
99-->src\main\AndroidManifest.xml:97:13-65
100        <activity
100-->src\main\AndroidManifest.xml:100:9-105:52
101            android:name="com.delaroystudios.pizza.activities.CartActivity"
101-->src\main\AndroidManifest.xml:101:13-76
102            android:exported="false"
102-->src\main\AndroidManifest.xml:102:13-37
103            android:parentActivityName="com.delaroystudios.pizza.activities.PizzaMenuActivity"
103-->src\main\AndroidManifest.xml:103:13-95
104            android:screenOrientation="portrait"
104-->src\main\AndroidManifest.xml:105:13-49
105            android:theme="@style/Theme.PizzaParlor.NoActionBar" />
105-->src\main\AndroidManifest.xml:104:13-65
106        <activity
106-->src\main\AndroidManifest.xml:107:9-112:52
107            android:name="com.delaroystudios.pizza.activities.CheckoutActivity"
107-->src\main\AndroidManifest.xml:108:13-80
108            android:exported="false"
108-->src\main\AndroidManifest.xml:109:13-37
109            android:parentActivityName="com.delaroystudios.pizza.activities.CartActivity"
109-->src\main\AndroidManifest.xml:110:13-90
110            android:screenOrientation="portrait"
110-->src\main\AndroidManifest.xml:112:13-49
111            android:theme="@style/Theme.PizzaParlor.NoActionBar" />
111-->src\main\AndroidManifest.xml:111:13-65
112        <activity
112-->src\main\AndroidManifest.xml:114:9-117:52
113            android:name="com.delaroystudios.pizza.activities.AdminLoginActivity"
113-->src\main\AndroidManifest.xml:115:13-82
114            android:exported="false"
114-->src\main\AndroidManifest.xml:116:13-37
115            android:screenOrientation="portrait" />
115-->src\main\AndroidManifest.xml:117:13-49
116        <activity
116-->src\main\AndroidManifest.xml:119:9-123:52
117            android:name="com.delaroystudios.pizza.activities.AdminDashboardActivity"
117-->src\main\AndroidManifest.xml:120:13-86
118            android:exported="false"
118-->src\main\AndroidManifest.xml:121:13-37
119            android:screenOrientation="portrait"
119-->src\main\AndroidManifest.xml:123:13-49
120            android:theme="@style/Theme.PizzaParlor.Admin" />
120-->src\main\AndroidManifest.xml:122:13-59
121        <activity
121-->src\main\AndroidManifest.xml:125:9-130:52
122            android:name="com.delaroystudios.pizza.activities.AdminOrdersActivity"
122-->src\main\AndroidManifest.xml:126:13-83
123            android:exported="false"
123-->src\main\AndroidManifest.xml:127:13-37
124            android:parentActivityName="com.delaroystudios.pizza.activities.AdminDashboardActivity"
124-->src\main\AndroidManifest.xml:128:13-100
125            android:screenOrientation="portrait"
125-->src\main\AndroidManifest.xml:130:13-49
126            android:theme="@style/Theme.PizzaParlor.Admin" />
126-->src\main\AndroidManifest.xml:129:13-59
127        <activity
127-->src\main\AndroidManifest.xml:132:9-137:52
128            android:name="com.delaroystudios.pizza.activities.AdminOrderDetailActivity"
128-->src\main\AndroidManifest.xml:133:13-88
129            android:exported="false"
129-->src\main\AndroidManifest.xml:134:13-37
130            android:parentActivityName="com.delaroystudios.pizza.activities.AdminOrdersActivity"
130-->src\main\AndroidManifest.xml:135:13-97
131            android:screenOrientation="portrait"
131-->src\main\AndroidManifest.xml:137:13-49
132            android:theme="@style/Theme.PizzaParlor.Admin" />
132-->src\main\AndroidManifest.xml:136:13-59
133
134        <provider
134-->[androidx.emoji2:emoji2:1.2.0] AndroidManifest.xml:24:9-32:20
135            android:name="androidx.startup.InitializationProvider"
135-->[androidx.emoji2:emoji2:1.2.0] AndroidManifest.xml:25:13-67
136            android:authorities="com.delaroystudios.pizza.androidx-startup"
136-->[androidx.emoji2:emoji2:1.2.0] AndroidManifest.xml:26:13-68
137            android:exported="false" >
137-->[androidx.emoji2:emoji2:1.2.0] AndroidManifest.xml:27:13-37
138            <meta-data
138-->[androidx.emoji2:emoji2:1.2.0] AndroidManifest.xml:29:13-31:52
139                android:name="androidx.emoji2.text.EmojiCompatInitializer"
139-->[androidx.emoji2:emoji2:1.2.0] AndroidManifest.xml:30:17-75
140                android:value="androidx.startup" />
140-->[androidx.emoji2:emoji2:1.2.0] AndroidManifest.xml:31:17-49
141            <meta-data
141-->[androidx.lifecycle:lifecycle-process:2.6.1] AndroidManifest.xml:29:13-31:52
142                android:name="androidx.lifecycle.ProcessLifecycleInitializer"
142-->[androidx.lifecycle:lifecycle-process:2.6.1] AndroidManifest.xml:30:17-78
143                android:value="androidx.startup" />
143-->[androidx.lifecycle:lifecycle-process:2.6.1] AndroidManifest.xml:31:17-49
144            <meta-data
144-->[androidx.profileinstaller:profileinstaller:1.3.0] AndroidManifest.xml:29:13-31:52
145                android:name="androidx.profileinstaller.ProfileInstallerInitializer"
145-->[androidx.profileinstaller:profileinstaller:1.3.0] AndroidManifest.xml:30:17-85
146                android:value="androidx.startup" />
146-->[androidx.profileinstaller:profileinstaller:1.3.0] AndroidManifest.xml:31:17-49
147        </provider>
148
149        <receiver
149-->[androidx.profileinstaller:profileinstaller:1.3.0] AndroidManifest.xml:34:9-52:20
150            android:name="androidx.profileinstaller.ProfileInstallReceiver"
150-->[androidx.profileinstaller:profileinstaller:1.3.0] AndroidManifest.xml:35:13-76
151            android:directBootAware="false"
151-->[androidx.profileinstaller:profileinstaller:1.3.0] AndroidManifest.xml:36:13-44
152            android:enabled="true"
152-->[androidx.profileinstaller:profileinstaller:1.3.0] AndroidManifest.xml:37:13-35
153            android:exported="true"
153-->[androidx.profileinstaller:profileinstaller:1.3.0] AndroidManifest.xml:38:13-36
154            android:permission="android.permission.DUMP" >
154-->[androidx.profileinstaller:profileinstaller:1.3.0] AndroidManifest.xml:39:13-57
155            <intent-filter>
155-->[androidx.profileinstaller:profileinstaller:1.3.0] AndroidManifest.xml:40:13-42:29
156                <action android:name="androidx.profileinstaller.action.INSTALL_PROFILE" />
156-->[androidx.profileinstaller:profileinstaller:1.3.0] AndroidManifest.xml:41:17-91
156-->[androidx.profileinstaller:profileinstaller:1.3.0] AndroidManifest.xml:41:25-88
157            </intent-filter>
158            <intent-filter>
158-->[androidx.profileinstaller:profileinstaller:1.3.0] AndroidManifest.xml:43:13-45:29
159                <action android:name="androidx.profileinstaller.action.SKIP_FILE" />
159-->[androidx.profileinstaller:profileinstaller:1.3.0] AndroidManifest.xml:44:17-85
159-->[androidx.profileinstaller:profileinstaller:1.3.0] AndroidManifest.xml:44:25-82
160            </intent-filter>
161            <intent-filter>
161-->[androidx.profileinstaller:profileinstaller:1.3.0] AndroidManifest.xml:46:13-48:29
162                <action android:name="androidx.profileinstaller.action.SAVE_PROFILE" />
162-->[androidx.profileinstaller:profileinstaller:1.3.0] AndroidManifest.xml:47:17-88
162-->[androidx.profileinstaller:profileinstaller:1.3.0] AndroidManifest.xml:47:25-85
163            </intent-filter>
164            <intent-filter>
164-->[androidx.profileinstaller:profileinstaller:1.3.0] AndroidManifest.xml:49:13-51:29
165                <action android:name="androidx.profileinstaller.action.BENCHMARK_OPERATION" />
165-->[androidx.profileinstaller:profileinstaller:1.3.0] AndroidManifest.xml:50:17-95
165-->[androidx.profileinstaller:profileinstaller:1.3.0] AndroidManifest.xml:50:25-92
166            </intent-filter>
167        </receiver>
168    </application>
169
170</manifest>